[2025-10-22 11:37:44,740] 43 root - INFO - ===== Data Ingestion Process Started =====
[2025-10-22 11:37:50,273] 35 root - INFO - Fetched 255347 rows from table 'loan_default'
[2025-10-22 11:37:50,298] 47 root - INFO - Data shape: (255347, 18)
[2025-10-22 11:37:50,298] 48 root - INFO - Entered the save_csv_file method of main_utils
[2025-10-22 11:37:51,055] 51 root - INFO - Exited the save_csv_file method of main_utils
[2025-10-22 11:37:51,055] 51 root - INFO - Raw data saved at artifacts\data_ingestion\raw.csv with shape (255347, 18)
[2025-10-22 11:37:51,055] 54 root - INFO - Splitting data into train and test sets...
[2025-10-22 11:37:51,145] 48 root - INFO - Entered the save_csv_file method of main_utils
[2025-10-22 11:37:51,843] 51 root - INFO - Exited the save_csv_file method of main_utils
[2025-10-22 11:37:51,843] 63 root - INFO - Train data saved at artifacts\data_ingestion\train.csv with shape (204277, 18)
[2025-10-22 11:37:51,843] 48 root - INFO - Entered the save_csv_file method of main_utils
[2025-10-22 11:37:52,023] 51 root - INFO - Exited the save_csv_file method of main_utils
[2025-10-22 11:37:52,023] 65 root - INFO - Test data saved at artifacts\data_ingestion\test.csv with shape (51070, 18)
[2025-10-22 11:37:52,024] 67 root - INFO - ===== Data Ingestion Completed Successfully =====
[2025-10-22 11:37:52,198] 40 root - INFO - Schema loaded successfully. Drop: ['LoanID'], Numerical: ['Age', 'Income', 'LoanAmount', 'CreditScore', 'MonthsEmployed', 'NumCreditLines', 'InterestRate', 'LoanTerm', 'DTIRatio', 'LTI', 'YearsEmployed', 'EmploymentToLoanTerm', 'LoanPerCreditScore', 'IncomePerCreditLine', 'InterestOverIncome', 'MonthlyPayment', 'CreditScorePerAge', 'EmploymentStability', 'DTI_LoanRatio', 'IncomePerLoanTerm'], Ordinal: ['Education'], Nominal: ['EmploymentType', 'MaritalStatus', 'HasMortgage', 'HasDependents', 'LoanPurpose', 'HasCoSigner'], Target: Default
[2025-10-22 11:37:52,198] 104 root - INFO - Reading train and test data
[2025-10-22 11:37:52,198] 24 root - INFO - Entered the read_csv_file method of main_utils
[2025-10-22 11:37:52,489] 28 root - INFO - Exited the read_csv_file method of main_utils
[2025-10-22 11:37:52,489] 24 root - INFO - Entered the read_csv_file method of main_utils
[2025-10-22 11:37:52,586] 28 root - INFO - Exited the read_csv_file method of main_utils
[2025-10-22 11:37:52,587] 108 root - INFO - Applying feature engineering on train and test data
[2025-10-22 11:37:52,653] 117 root - INFO - Creating preprocessing Pipeline
[2025-10-22 11:37:52,653] 120 root - INFO - Fitting preprocessor on training data
[2025-10-22 11:37:53,097] 124 root - INFO - Saving transformed data and preprocessor
[2025-10-22 11:37:53,111] 79 root - INFO - Entered the save_numpy_array_data method of main_utils
[2025-10-22 11:37:53,161] 84 root - INFO - Exited the save_numpy_array_data method of main_utils
[2025-10-22 11:37:53,167] 79 root - INFO - Entered the save_numpy_array_data method of main_utils
[2025-10-22 11:37:53,174] 84 root - INFO - Exited the save_numpy_array_data method of main_utils
[2025-10-22 11:37:53,174] 105 root - INFO - Entered the save_object method of utils
[2025-10-22 11:37:53,177] 112 root - INFO - Exited the save_object method of utils
[2025-10-22 11:37:53,177] 129 root - INFO - Data transformation completed and saved successfully at artifacts\data_transformation\preprocessor.pkl
[2025-10-22 11:37:53,185] 27 root - INFO - Model training started
[2025-10-22 11:37:55,498] 33 root - INFO - Model training completed
[2025-10-22 11:37:55,523] 43 root - INFO - Model Accuracy: 0.887820638339534
[2025-10-22 11:37:55,523] 44 root - INFO - Precision Score:
0.8607737061445412
[2025-10-22 11:37:55,523] 45 root - INFO - Recall Score:
0.887820638339534
[2025-10-22 11:37:55,523] 46 root - INFO - Classification Report:
              precision    recall  f1-score   support

           0       0.89      0.99      0.94     45170
           1       0.63      0.07      0.13      5900

    accuracy                           0.89     51070
   macro avg       0.76      0.53      0.53     51070
weighted avg       0.86      0.89      0.85     51070

[2025-10-22 11:37:55,524] 105 root - INFO - Entered the save_object method of utils
[2025-10-22 11:37:55,528] 112 root - INFO - Exited the save_object method of utils
[2025-10-22 11:37:55,528] 50 root - INFO - Trained model saved at: artifacts\model_trainer\logistic.pkl
