[2025-10-22 11:44:21,178] 43 root - INFO - ===== Data Ingestion Process Started =====
[2025-10-22 11:44:25,975] 35 root - INFO - Fetched 255347 rows from table 'loan_default'
[2025-10-22 11:44:25,997] 47 root - INFO - Data shape: (255347, 18)
[2025-10-22 11:44:25,997] 48 root - INFO - Entered the save_csv_file method of main_utils
[2025-10-22 11:44:26,728] 51 root - INFO - Exited the save_csv_file method of main_utils
[2025-10-22 11:44:26,728] 51 root - INFO - Raw data saved at artifacts\data_ingestion\raw.csv with shape (255347, 18)
[2025-10-22 11:44:26,728] 54 root - INFO - Splitting data into train and test sets...
[2025-10-22 11:44:26,819] 48 root - INFO - Entered the save_csv_file method of main_utils
[2025-10-22 11:44:27,524] 51 root - INFO - Exited the save_csv_file method of main_utils
[2025-10-22 11:44:27,525] 63 root - INFO - Train data saved at artifacts\data_ingestion\train.csv with shape (204277, 18)
[2025-10-22 11:44:27,525] 48 root - INFO - Entered the save_csv_file method of main_utils
[2025-10-22 11:44:27,705] 51 root - INFO - Exited the save_csv_file method of main_utils
[2025-10-22 11:44:27,705] 65 root - INFO - Test data saved at artifacts\data_ingestion\test.csv with shape (51070, 18)
[2025-10-22 11:44:27,705] 67 root - INFO - ===== Data Ingestion Completed Successfully =====
[2025-10-22 11:44:27,868] 40 root - INFO - Schema loaded successfully. Drop: ['LoanID'], Numerical: ['Age', 'Income', 'LoanAmount', 'CreditScore', 'MonthsEmployed', 'NumCreditLines', 'InterestRate', 'LoanTerm', 'DTIRatio', 'LTI', 'YearsEmployed', 'EmploymentToLoanTerm', 'LoanPerCreditScore', 'IncomePerCreditLine', 'InterestOverIncome', 'MonthlyPayment', 'CreditScorePerAge', 'EmploymentStability', 'DTI_LoanRatio', 'IncomePerLoanTerm'], Ordinal: ['Education'], Nominal: ['EmploymentType', 'MaritalStatus', 'HasMortgage', 'HasDependents', 'LoanPurpose', 'HasCoSigner'], Target: Default
[2025-10-22 11:44:27,868] 104 root - INFO - Reading train and test data
[2025-10-22 11:44:27,868] 24 root - INFO - Entered the read_csv_file method of main_utils
[2025-10-22 11:44:28,160] 28 root - INFO - Exited the read_csv_file method of main_utils
[2025-10-22 11:44:28,160] 24 root - INFO - Entered the read_csv_file method of main_utils
[2025-10-22 11:44:28,256] 28 root - INFO - Exited the read_csv_file method of main_utils
[2025-10-22 11:44:28,256] 108 root - INFO - Applying feature engineering on train and test data
[2025-10-22 11:44:28,322] 117 root - INFO - Creating preprocessing Pipeline
[2025-10-22 11:44:28,322] 120 root - INFO - Fitting preprocessor on training data
[2025-10-22 11:44:28,761] 124 root - INFO - Saving transformed data and preprocessor
[2025-10-22 11:44:28,776] 79 root - INFO - Entered the save_numpy_array_data method of main_utils
[2025-10-22 11:44:28,823] 84 root - INFO - Exited the save_numpy_array_data method of main_utils
[2025-10-22 11:44:28,829] 79 root - INFO - Entered the save_numpy_array_data method of main_utils
[2025-10-22 11:44:28,835] 84 root - INFO - Exited the save_numpy_array_data method of main_utils
[2025-10-22 11:44:28,835] 105 root - INFO - Entered the save_object method of utils
[2025-10-22 11:44:28,837] 112 root - INFO - Exited the save_object method of utils
[2025-10-22 11:44:28,837] 129 root - INFO - Data transformation completed and saved successfully at artifacts\data_transformation\preprocessor.pkl
[2025-10-22 11:44:28,845] 27 root - INFO - Model training started
[2025-10-22 11:44:31,177] 33 root - INFO - Model training completed
[2025-10-22 11:44:31,201] 43 root - INFO - Model Accuracy: 0.887820638339534
[2025-10-22 11:44:31,201] 44 root - INFO - Precision Score:
0.8607737061445412
[2025-10-22 11:44:31,201] 45 root - INFO - Recall Score:
0.887820638339534
[2025-10-22 11:44:31,201] 46 root - INFO - Classification Report:
              precision    recall  f1-score   support

           0       0.89      0.99      0.94     45170
           1       0.63      0.07      0.13      5900

    accuracy                           0.89     51070
   macro avg       0.76      0.53      0.53     51070
weighted avg       0.86      0.89      0.85     51070

[2025-10-22 11:44:31,201] 105 root - INFO - Entered the save_object method of utils
[2025-10-22 11:44:31,202] 112 root - INFO - Exited the save_object method of utils
[2025-10-22 11:44:31,203] 50 root - INFO - Trained model saved at: artifacts\model_trainer\logistic.pkl
