[2025-10-22 11:42:56,490] 43 root - INFO - ===== Data Ingestion Process Started =====
[2025-10-22 11:43:01,308] 35 root - INFO - Fetched 255347 rows from table 'loan_default'
[2025-10-22 11:43:01,329] 47 root - INFO - Data shape: (255347, 18)
[2025-10-22 11:43:01,330] 48 root - INFO - Entered the save_csv_file method of main_utils
[2025-10-22 11:43:02,071] 51 root - INFO - Exited the save_csv_file method of main_utils
[2025-10-22 11:43:02,072] 51 root - INFO - Raw data saved at artifacts\data_ingestion\raw.csv with shape (255347, 18)
[2025-10-22 11:43:02,072] 54 root - INFO - Splitting data into train and test sets...
[2025-10-22 11:43:02,167] 48 root - INFO - Entered the save_csv_file method of main_utils
[2025-10-22 11:43:02,897] 51 root - INFO - Exited the save_csv_file method of main_utils
[2025-10-22 11:43:02,897] 63 root - INFO - Train data saved at artifacts\data_ingestion\train.csv with shape (204277, 18)
[2025-10-22 11:43:02,897] 48 root - INFO - Entered the save_csv_file method of main_utils
[2025-10-22 11:43:03,076] 51 root - INFO - Exited the save_csv_file method of main_utils
[2025-10-22 11:43:03,076] 65 root - INFO - Test data saved at artifacts\data_ingestion\test.csv with shape (51070, 18)
[2025-10-22 11:43:03,076] 67 root - INFO - ===== Data Ingestion Completed Successfully =====
[2025-10-22 11:43:03,245] 40 root - INFO - Schema loaded successfully. Drop: ['LoanID'], Numerical: ['Age', 'Income', 'LoanAmount', 'CreditScore', 'MonthsEmployed', 'NumCreditLines', 'InterestRate', 'LoanTerm', 'DTIRatio', 'LTI', 'YearsEmployed', 'EmploymentToLoanTerm', 'LoanPerCreditScore', 'IncomePerCreditLine', 'InterestOverIncome', 'MonthlyPayment', 'CreditScorePerAge', 'EmploymentStability', 'DTI_LoanRatio', 'IncomePerLoanTerm'], Ordinal: ['Education'], Nominal: ['EmploymentType', 'MaritalStatus', 'HasMortgage', 'HasDependents', 'LoanPurpose', 'HasCoSigner'], Target: Default
[2025-10-22 11:43:03,245] 104 root - INFO - Reading train and test data
[2025-10-22 11:43:03,245] 24 root - INFO - Entered the read_csv_file method of main_utils
[2025-10-22 11:43:03,534] 28 root - INFO - Exited the read_csv_file method of main_utils
[2025-10-22 11:43:03,534] 24 root - INFO - Entered the read_csv_file method of main_utils
[2025-10-22 11:43:03,624] 28 root - INFO - Exited the read_csv_file method of main_utils
[2025-10-22 11:43:03,624] 108 root - INFO - Applying feature engineering on train and test data
[2025-10-22 11:43:03,689] 117 root - INFO - Creating preprocessing Pipeline
[2025-10-22 11:43:03,689] 120 root - INFO - Fitting preprocessor on training data
[2025-10-22 11:43:04,149] 124 root - INFO - Saving transformed data and preprocessor
[2025-10-22 11:43:04,162] 79 root - INFO - Entered the save_numpy_array_data method of main_utils
[2025-10-22 11:43:04,211] 84 root - INFO - Exited the save_numpy_array_data method of main_utils
[2025-10-22 11:43:04,217] 79 root - INFO - Entered the save_numpy_array_data method of main_utils
[2025-10-22 11:43:04,223] 84 root - INFO - Exited the save_numpy_array_data method of main_utils
[2025-10-22 11:43:04,223] 105 root - INFO - Entered the save_object method of utils
[2025-10-22 11:43:04,226] 112 root - INFO - Exited the save_object method of utils
[2025-10-22 11:43:04,226] 129 root - INFO - Data transformation completed and saved successfully at artifacts\data_transformation\preprocessor.pkl
