[2025-10-22 11:45:45,669] 43 root - INFO - ===== Data Ingestion Process Started =====
[2025-10-22 11:45:50,624] 35 root - INFO - Fetched 255347 rows from table 'loan_default'
[2025-10-22 11:45:50,646] 47 root - INFO - Data shape: (255347, 18)
[2025-10-22 11:45:50,647] 48 root - INFO - Entered the save_csv_file method of main_utils
[2025-10-22 11:45:51,432] 51 root - INFO - Exited the save_csv_file method of main_utils
[2025-10-22 11:45:51,432] 51 root - INFO - Raw data saved at artifacts\data_ingestion\raw.csv with shape (255347, 18)
[2025-10-22 11:45:51,432] 54 root - INFO - Splitting data into train and test sets...
[2025-10-22 11:45:51,520] 48 root - INFO - Entered the save_csv_file method of main_utils
[2025-10-22 11:45:52,231] 51 root - INFO - Exited the save_csv_file method of main_utils
[2025-10-22 11:45:52,231] 63 root - INFO - Train data saved at artifacts\data_ingestion\train.csv with shape (204277, 18)
[2025-10-22 11:45:52,231] 48 root - INFO - Entered the save_csv_file method of main_utils
[2025-10-22 11:45:52,412] 51 root - INFO - Exited the save_csv_file method of main_utils
[2025-10-22 11:45:52,412] 65 root - INFO - Test data saved at artifacts\data_ingestion\test.csv with shape (51070, 18)
[2025-10-22 11:45:52,412] 67 root - INFO - ===== Data Ingestion Completed Successfully =====
[2025-10-22 11:45:52,575] 40 root - INFO - Schema loaded successfully. Drop: ['LoanID'], Numerical: ['Age', 'Income', 'LoanAmount', 'CreditScore', 'MonthsEmployed', 'NumCreditLines', 'InterestRate', 'LoanTerm', 'DTIRatio', 'LTI', 'YearsEmployed', 'EmploymentToLoanTerm', 'LoanPerCreditScore', 'IncomePerCreditLine', 'InterestOverIncome', 'MonthlyPayment', 'CreditScorePerAge', 'EmploymentStability', 'DTI_LoanRatio', 'IncomePerLoanTerm'], Ordinal: ['Education'], Nominal: ['EmploymentType', 'MaritalStatus', 'HasMortgage', 'HasDependents', 'LoanPurpose', 'HasCoSigner'], Target: Default
[2025-10-22 11:45:52,575] 104 root - INFO - Reading train and test data
[2025-10-22 11:45:52,575] 24 root - INFO - Entered the read_csv_file method of main_utils
[2025-10-22 11:45:52,858] 28 root - INFO - Exited the read_csv_file method of main_utils
[2025-10-22 11:45:52,858] 24 root - INFO - Entered the read_csv_file method of main_utils
[2025-10-22 11:45:52,953] 28 root - INFO - Exited the read_csv_file method of main_utils
[2025-10-22 11:45:52,953] 108 root - INFO - Applying feature engineering on train and test data
[2025-10-22 11:45:53,020] 117 root - INFO - Creating preprocessing Pipeline
[2025-10-22 11:45:53,020] 120 root - INFO - Fitting preprocessor on training data
[2025-10-22 11:45:53,465] 124 root - INFO - Saving transformed data and preprocessor
[2025-10-22 11:45:53,479] 79 root - INFO - Entered the save_numpy_array_data method of main_utils
[2025-10-22 11:45:53,536] 84 root - INFO - Exited the save_numpy_array_data method of main_utils
[2025-10-22 11:45:53,541] 79 root - INFO - Entered the save_numpy_array_data method of main_utils
[2025-10-22 11:45:53,546] 84 root - INFO - Exited the save_numpy_array_data method of main_utils
[2025-10-22 11:45:53,547] 105 root - INFO - Entered the save_object method of utils
[2025-10-22 11:45:53,549] 112 root - INFO - Exited the save_object method of utils
[2025-10-22 11:45:53,549] 129 root - INFO - Data transformation completed and saved successfully at artifacts\data_transformation\preprocessor.pkl
[2025-10-22 11:45:53,556] 27 root - INFO - Model training started
[2025-10-22 11:45:56,057] 33 root - INFO - Model training completed
[2025-10-22 11:45:56,084] 43 root - INFO - Model Accuracy: 0.887820638339534
[2025-10-22 11:45:56,084] 44 root - INFO - Precision Score:
0.6270430906389302
[2025-10-22 11:45:56,084] 45 root - INFO - Recall Score:
0.07152542372881356
[2025-10-22 11:45:56,084] 46 root - INFO - Classification Report:
              precision    recall  f1-score   support

           0       0.89      0.99      0.94     45170
           1       0.63      0.07      0.13      5900

    accuracy                           0.89     51070
   macro avg       0.76      0.53      0.53     51070
weighted avg       0.86      0.89      0.85     51070

[2025-10-22 11:45:56,084] 105 root - INFO - Entered the save_object method of utils
[2025-10-22 11:45:56,086] 112 root - INFO - Exited the save_object method of utils
[2025-10-22 11:45:56,086] 50 root - INFO - Trained model saved at: artifacts\model_trainer\logistic.pkl
